<?xml version="1.0" encoding="UTF-8"?>
<testng-results ignored="0" total="1" passed="1" failed="0" skipped="0">
  <reporter-output>
  </reporter-output>
  <suite started-at="2024-08-04T17:07:17 IST" name="Default suite" finished-at="2024-08-04T17:07:20 IST" duration-ms="2324">
    <groups>
      <group name="cucumber">
        <method signature="AbstractTestNGCucumberTests.runScenario(io.cucumber.testng.PickleWrapper,io.cucumber.testng.FeatureWrapper)[pri:0, instance:cucumberOptions.TestNGRunner@71ba6d4e]" name="runScenario" class="io.cucumber.testng.AbstractTestNGCucumberTests"/>
      </group> <!-- cucumber -->
    </groups>
    <test started-at="2024-08-04T17:07:17 IST" name="Default test" finished-at="2024-08-04T17:07:20 IST" duration-ms="2324">
      <class name="cucumberOptions.TestNGRunner">
        <test-method is-config="true" signature="setUpClass(org.testng.ITestContext)[pri:0, instance:cucumberOptions.TestNGRunner@71ba6d4e]" started-at="2024-08-04T17:07:17 IST" name="setUpClass" finished-at="2024-08-04T17:07:19 IST" duration-ms="1925" status="PASS">
          <params>
            <param index="0">
              <value>
                <![CDATA[org.testng.TestRunner@cda4919]]>
              </value>
            </param>
          </params>
          <reporter-output>
          </reporter-output>
        </test-method> <!-- setUpClass -->
        <test-method signature="runScenario(io.cucumber.testng.PickleWrapper,io.cucumber.testng.FeatureWrapper)[pri:0, instance:cucumberOptions.TestNGRunner@71ba6d4e]" started-at="2024-08-04T17:07:19 IST" name="runScenario" description="Runs Cucumber Scenarios" data-provider="scenarios" finished-at="2024-08-04T17:07:20 IST" duration-ms="203" status="PASS">
          <params>
            <param index="0">
              <value>
                <![CDATA["Admin should be able to login inot application"]]>
              </value>
            </param>
            <param index="1">
              <value>
                <![CDATA["Adding new login for admins"]]>
              </value>
            </param>
          </params>
          <reporter-output>
          </reporter-output>
        </test-method> <!-- runScenario -->
        <test-method is-config="true" signature="tearDownClass()[pri:0, instance:cucumberOptions.TestNGRunner@71ba6d4e]" started-at="2024-08-04T17:07:20 IST" name="tearDownClass" finished-at="2024-08-04T17:07:20 IST" duration-ms="48" status="PASS">
          <reporter-output>
          </reporter-output>
        </test-method> <!-- tearDownClass -->
      </class> <!-- cucumberOptions.TestNGRunner -->
    </test> <!-- Default test -->
  </suite> <!-- Default suite -->
</testng-results>
